14:26:28 **** Incremental Build of configuration Debug for project Challenge 2. Stopwatch - Time display on 7-Segment, controlled by buttons ****
make -j16 all 
arm-none-eabi-gcc -o "Challenge 2. Stopwatch - Time display on 7-Segment, controlled by buttons.elf" @"objects.list"   -mcpu=cortex-m4 -T"C:\Github\digital-alarm-clock-challenge\Challenge 2. Stopwatch - Time display on 7-Segment, controlled by buttons\STM32F407VETX_FLASH.ld" --specs=nosys.specs -Wl,-Map="Challenge 2. Stopwatch - Time display on 7-Segment, controlled by buttons.map" -Wl,--gc-sections -static --specs=nano.specs -mfpu=fpv4-sp-d16 -mfloat-abi=hard -mthumb -Wl,--start-group -lc -lm -Wl,--end-group
C:/ST/STM32CubeIDE_1.16.1/STM32CubeIDE/plugins/com.st.stm32cube.ide.mcu.externaltools.gnu-tools-for-stm32.12.3.rel1.win32_1.0.200.202406191623/tools/bin/../lib/gcc/arm-none-eabi/12.3.1/../../../../arm-none-eabi/bin/ld.exe: cannot find  controlled by buttons.map: No such file or directory
collect2.exe: error: ld returned 1 exit status
make: *** [makefile:65: Challenge 2. Stopwatch - Time display on 7-Segment, controlled by buttons.elf] Error 1
"make -j16 all" terminated with exit code 2. Build might be incomplete.

14:26:28 Build Failed. 2 errors, 0 warnings. (took 281ms)

